2023-02-01 22:42:11.195 [info] Extension host with pid 19059 started
2023-02-01 22:42:16.902 [info] ExtensionService#_doActivateExtension vscode.git-base, startup: true, activationEvent: '*', root cause: vscode.git
2023-02-01 22:42:17.596 [info] ExtensionService#_doActivateExtension vscode.git, startup: true, activationEvent: '*'
2023-02-01 22:42:17.597 [info] ExtensionService#_doActivateExtension vscode.github, startup: true, activationEvent: '*'
2023-02-01 22:42:19.085 [info] ExtensionService#_doActivateExtension vscode.debug-auto-launch, startup: false, activationEvent: 'onStartupFinished'
2023-02-01 22:42:19.085 [info] ExtensionService#_doActivateExtension vscode.emmet, startup: false, activationEvent: 'onStartupFinished'
2023-02-01 22:42:19.086 [info] ExtensionService#_doActivateExtension vscode.merge-conflict, startup: false, activationEvent: 'onStartupFinished'
2023-02-01 22:42:19.086 [info] Eager extensions activated
2023-02-01 23:48:04.944 [info] ExtensionService#_doActivateExtension vscode.configuration-editing, startup: false, activationEvent: 'onLanguage:jsonc'
2023-02-01 23:48:04.945 [info] ExtensionService#_doActivateExtension vscode.json-language-features, startup: false, activationEvent: 'onLanguage:jsonc'
2023-02-01 23:48:04.945 [info] ExtensionService#_doActivateExtension vscode.typescript-language-features, startup: false, activationEvent: 'onLanguage:jsonc'
2023-02-01 23:48:10.932 [warning] [Decorations] CAPPING events from decorations provider vscode.git 3805
2023-02-01 23:48:11.777 [warning] [Decorations] CAPPING events from decorations provider vscode.git 3805
2023-02-01 23:48:13.574 [warning] [Decorations] CAPPING events from decorations provider vscode.git 3805
2023-02-01 23:48:18.695 [warning] [Decorations] CAPPING events from decorations provider vscode.git 3805
2023-02-01 23:48:23.795 [warning] [Decorations] CAPPING events from decorations provider vscode.git 3805
2023-02-01 23:48:28.966 [warning] [Decorations] CAPPING events from decorations provider vscode.git 3805
2023-02-01 23:48:34.068 [warning] [Decorations] CAPPING events from decorations provider vscode.git 3805
2023-02-01 23:48:39.230 [warning] [Decorations] CAPPING events from decorations provider vscode.git 3805
2023-02-01 23:48:44.334 [warning] [Decorations] CAPPING events from decorations provider vscode.git 3805
2023-02-01 23:48:58.602 [warning] [Decorations] CAPPING events from decorations provider vscode.git 3805
2023-02-01 23:49:03.697 [warning] [Decorations] CAPPING events from decorations provider vscode.git 3805
2023-02-01 23:49:08.865 [warning] [Decorations] CAPPING events from decorations provider vscode.git 3805
2023-02-01 23:49:14.077 [warning] [Decorations] CAPPING events from decorations provider vscode.git 3805
2023-02-01 23:49:19.173 [warning] [Decorations] CAPPING events from decorations provider vscode.git 3805
2023-02-01 23:49:27.898 [warning] [Decorations] CAPPING events from decorations provider vscode.git 3805
2023-02-01 23:49:32.990 [warning] [Decorations] CAPPING events from decorations provider vscode.git 3805
2023-02-01 23:49:38.154 [warning] [Decorations] CAPPING events from decorations provider vscode.git 3805
2023-02-01 23:49:43.249 [warning] [Decorations] CAPPING events from decorations provider vscode.git 3805
2023-02-01 23:49:48.340 [warning] [Decorations] CAPPING events from decorations provider vscode.git 3805
2023-02-01 23:49:53.453 [warning] [Decorations] CAPPING events from decorations provider vscode.git 3805
2023-02-01 23:49:58.547 [warning] [Decorations] CAPPING events from decorations provider vscode.git 3805
2023-02-01 23:50:32.536 [warning] [Decorations] CAPPING events from decorations provider vscode.git 3805
2023-02-01 23:50:37.708 [warning] [Decorations] CAPPING events from decorations provider vscode.git 3805
2023-02-01 23:50:42.817 [warning] [Decorations] CAPPING events from decorations provider vscode.git 3805
2023-02-01 23:50:47.914 [warning] [Decorations] CAPPING events from decorations provider vscode.git 3805
2023-02-01 23:50:53.015 [warning] [Decorations] CAPPING events from decorations provider vscode.git 3805
2023-02-01 23:50:58.115 [warning] [Decorations] CAPPING events from decorations provider vscode.git 3805
2023-02-01 23:51:03.210 [warning] [Decorations] CAPPING events from decorations provider vscode.git 3805
2023-02-01 23:51:08.317 [warning] [Decorations] CAPPING events from decorations provider vscode.git 3805
2023-02-01 23:51:13.497 [warning] [Decorations] CAPPING events from decorations provider vscode.git 3805
2023-02-01 23:51:30.316 [warning] [Decorations] CAPPING events from decorations provider vscode.git 3805
2023-02-01 23:51:35.415 [warning] [Decorations] CAPPING events from decorations provider vscode.git 3805
2023-02-01 23:51:40.577 [warning] [Decorations] CAPPING events from decorations provider vscode.git 3805
2023-02-01 23:51:45.671 [warning] [Decorations] CAPPING events from decorations provider vscode.git 3805
2023-02-01 23:51:50.764 [warning] [Decorations] CAPPING events from decorations provider vscode.git 3805
2023-02-01 23:51:55.859 [warning] [Decorations] CAPPING events from decorations provider vscode.git 3805
2023-02-01 23:54:09.317 [warning] [Decorations] CAPPING events from decorations provider vscode.git 3805
2023-02-01 23:54:14.489 [warning] [Decorations] CAPPING events from decorations provider vscode.git 3805
2023-02-01 23:54:19.647 [warning] [Decorations] CAPPING events from decorations provider vscode.git 3805
2023-02-01 23:54:24.742 [warning] [Decorations] CAPPING events from decorations provider vscode.git 3805
2023-02-01 23:54:29.910 [warning] [Decorations] CAPPING events from decorations provider vscode.git 3805
2023-02-01 23:54:35.070 [warning] [Decorations] CAPPING events from decorations provider vscode.git 3805
2023-02-01 23:54:49.605 [warning] [Decorations] CAPPING events from decorations provider vscode.git 3805
2023-02-01 23:54:54.701 [warning] [Decorations] CAPPING events from decorations provider vscode.git 3805
2023-02-01 23:54:59.813 [warning] [Decorations] CAPPING events from decorations provider vscode.git 3805
2023-02-01 23:55:04.905 [warning] [Decorations] CAPPING events from decorations provider vscode.git 3805
2023-02-01 23:55:18.028 [warning] [Decorations] CAPPING events from decorations provider vscode.git 3805
2023-02-01 23:55:42.969 [warning] [Decorations] CAPPING events from decorations provider vscode.git 3805
2023-02-01 23:55:48.072 [warning] [Decorations] CAPPING events from decorations provider vscode.git 3805
2023-02-01 23:55:57.887 [warning] [Decorations] CAPPING events from decorations provider vscode.git 3805
2023-02-01 23:56:02.989 [warning] [Decorations] CAPPING events from decorations provider vscode.git 3805
2023-02-01 23:56:16.511 [warning] [Decorations] CAPPING events from decorations provider vscode.git 3805
2023-02-01 23:56:21.611 [warning] [Decorations] CAPPING events from decorations provider vscode.git 3805
2023-02-01 23:56:34.049 [warning] [Decorations] CAPPING events from decorations provider vscode.git 3805
2023-02-01 23:56:39.151 [warning] [Decorations] CAPPING events from decorations provider vscode.git 3805
2023-02-01 23:56:44.247 [warning] [Decorations] CAPPING events from decorations provider vscode.git 3805
2023-02-01 23:56:49.338 [warning] [Decorations] CAPPING events from decorations provider vscode.git 3805
2023-02-01 23:57:27.988 [warning] [Decorations] CAPPING events from decorations provider vscode.git 3805
2023-02-01 23:57:33.155 [warning] [Decorations] CAPPING events from decorations provider vscode.git 3805
2023-02-01 23:57:38.307 [warning] [Decorations] CAPPING events from decorations provider vscode.git 3805
2023-02-01 23:57:43.479 [warning] [Decorations] CAPPING events from decorations provider vscode.git 3805
2023-02-01 23:58:06.352 [warning] [Decorations] CAPPING events from decorations provider vscode.git 3805
2023-02-01 23:58:41.683 [warning] [Decorations] CAPPING events from decorations provider vscode.git 3805
2023-02-01 23:58:46.843 [warning] [Decorations] CAPPING events from decorations provider vscode.git 3805
2023-02-01 23:59:36.644 [warning] [Decorations] CAPPING events from decorations provider vscode.git 3805
2023-02-01 23:59:41.753 [warning] [Decorations] CAPPING events from decorations provider vscode.git 3805
2023-02-01 23:59:46.875 [warning] [Decorations] CAPPING events from decorations provider vscode.git 3805
2023-02-01 23:59:51.969 [warning] [Decorations] CAPPING events from decorations provider vscode.git 3805
2023-02-01 23:59:57.063 [warning] [Decorations] CAPPING events from decorations provider vscode.git 3805
2023-02-02 00:00:02.156 [warning] [Decorations] CAPPING events from decorations provider vscode.git 3805
2023-02-02 00:00:07.252 [warning] [Decorations] CAPPING events from decorations provider vscode.git 3805
2023-02-02 00:00:12.347 [warning] [Decorations] CAPPING events from decorations provider vscode.git 3805
2023-02-02 00:00:17.457 [warning] [Decorations] CAPPING events from decorations provider vscode.git 3805
2023-02-02 00:01:02.509 [warning] [Decorations] CAPPING events from decorations provider vscode.git 3805
2023-02-02 00:01:07.667 [warning] [Decorations] CAPPING events from decorations provider vscode.git 3805
2023-02-02 00:01:12.843 [warning] [Decorations] CAPPING events from decorations provider vscode.git 3805
2023-02-02 00:01:18.010 [warning] [Decorations] CAPPING events from decorations provider vscode.git 3805
2023-02-02 00:01:23.112 [warning] [Decorations] CAPPING events from decorations provider vscode.git 3805
2023-02-02 00:01:43.803 [warning] [Decorations] CAPPING events from decorations provider vscode.git 3805
2023-02-02 00:01:48.980 [warning] [Decorations] CAPPING events from decorations provider vscode.git 3805
2023-02-02 00:01:58.782 [warning] [Decorations] CAPPING events from decorations provider vscode.git 3805
2023-02-02 00:02:03.946 [warning] [Decorations] CAPPING events from decorations provider vscode.git 3805
2023-02-02 00:02:50.034 [warning] [Decorations] CAPPING events from decorations provider vscode.git 3805
2023-02-02 00:02:55.192 [warning] [Decorations] CAPPING events from decorations provider vscode.git 3805
2023-02-02 00:03:20.365 [warning] [Decorations] CAPPING events from decorations provider vscode.git 3805
2023-02-02 00:03:25.463 [warning] [Decorations] CAPPING events from decorations provider vscode.git 3805
2023-02-02 00:03:30.630 [warning] [Decorations] CAPPING events from decorations provider vscode.git 3805
2023-02-02 00:03:35.789 [warning] [Decorations] CAPPING events from decorations provider vscode.git 3805
2023-02-02 00:03:40.951 [warning] [Decorations] CAPPING events from decorations provider vscode.git 3805
2023-02-02 00:03:46.118 [warning] [Decorations] CAPPING events from decorations provider vscode.git 3805
2023-02-02 00:03:51.294 [warning] [Decorations] CAPPING events from decorations provider vscode.git 3805
2023-02-02 00:03:52.205 [info] Extension host terminating: received terminate message from renderer
2023-02-02 00:03:52.297 [info] Extension host with pid 19059 exiting with code 0
