2023-02-01 22:42:21.544 [info] Log level: Info
2023-02-01 22:42:21.544 [info] Validating found git in: "git"
2023-02-01 22:42:21.544 [info] Using git "2.31.1" from "git"
2023-02-01 22:42:21.544 [info] > git rev-parse --show-toplevel [56ms]
2023-02-01 22:42:21.544 [info] fatal: not a git repository (or any of the parent directories): .git
2023-02-01 22:44:18.641 [info] > git rev-parse --show-toplevel [1ms]
2023-02-01 22:44:18.641 [info] fatal: not a git repository (or any of the parent directories): .git
2023-02-01 23:48:10.717 [info] > git rev-parse --show-toplevel [1ms]
2023-02-01 23:48:10.724 [info] > git rev-parse --git-dir --git-common-dir [0ms]
2023-02-01 23:48:10.733 [info] Open repository: /home/yz96
2023-02-01 23:48:10.741 [info] > git config --get commit.template [1ms]
2023-02-01 23:48:10.748 [info] > git for-each-ref --format=%(refname)%00%(upstream:short)%00%(objectname)%00%(upstream:track)%00%(upstream:remotename)%00%(upstream:remoteref) refs/heads/main refs/remotes/main [1ms]
2023-02-01 23:48:10.779 [info] > git for-each-ref --sort -committerdate --format %(refname) %(objectname) %(*objectname) [1ms]
2023-02-01 23:48:10.805 [info] > git status -z -uall [43ms]
2023-02-01 23:48:11.655 [info] > git config --get commit.template [10ms]
2023-02-01 23:48:11.668 [info] > git check-ignore -v -z --stdin [16ms]
2023-02-01 23:48:11.669 [info] > git for-each-ref --format=%(refname)%00%(upstream:short)%00%(objectname)%00%(upstream:track)%00%(upstream:remotename)%00%(upstream:remoteref) refs/heads/main refs/remotes/main [1ms]
2023-02-01 23:48:11.719 [info] > git for-each-ref --sort -committerdate --format %(refname) %(objectname) %(*objectname) [12ms]
2023-02-01 23:48:11.738 [info] > git status -z -uall [47ms]
2023-02-01 23:48:12.496 [info] > git show --textconv :mp0/logger.go [7ms]
2023-02-01 23:48:12.496 [info] > git ls-files --stage -- /home/yz96/mp0/logger.go [1ms]
2023-02-01 23:48:12.503 [info] > git cat-file -s 63257a167ea3b5c15e2209e7bba7d5cc555ac797 [1ms]
2023-02-01 23:48:13.478 [info] > git config --get commit.template [0ms]
2023-02-01 23:48:13.485 [info] > git for-each-ref --format=%(refname)%00%(upstream:short)%00%(objectname)%00%(upstream:track)%00%(upstream:remotename)%00%(upstream:remoteref) refs/heads/main refs/remotes/main [1ms]
2023-02-01 23:48:13.527 [info] > git for-each-ref --sort -committerdate --format %(refname) %(objectname) %(*objectname) [0ms]
2023-02-01 23:48:13.538 [info] > git status -z -uall [28ms]
2023-02-01 23:48:18.598 [info] > git config --get commit.template [0ms]
2023-02-01 23:48:18.605 [info] > git for-each-ref --format=%(refname)%00%(upstream:short)%00%(objectname)%00%(upstream:track)%00%(upstream:remotename)%00%(upstream:remoteref) refs/heads/main refs/remotes/main [0ms]
2023-02-01 23:48:18.635 [info] > git for-each-ref --sort -committerdate --format %(refname) %(objectname) %(*objectname) [0ms]
2023-02-01 23:48:18.648 [info] > git status -z -uall [30ms]
2023-02-01 23:48:23.717 [info] > git config --get commit.template [0ms]
2023-02-01 23:48:23.724 [info] > git for-each-ref --format=%(refname)%00%(upstream:short)%00%(objectname)%00%(upstream:track)%00%(upstream:remotename)%00%(upstream:remoteref) refs/heads/main refs/remotes/main [1ms]
2023-02-01 23:48:23.754 [info] > git for-each-ref --sort -committerdate --format %(refname) %(objectname) %(*objectname) [1ms]
2023-02-01 23:48:23.759 [info] > git status -z -uall [22ms]
2023-02-01 23:48:28.819 [info] > git config --get commit.template [0ms]
2023-02-01 23:48:28.826 [info] > git for-each-ref --format=%(refname)%00%(upstream:short)%00%(objectname)%00%(upstream:track)%00%(upstream:remotename)%00%(upstream:remoteref) refs/heads/main refs/remotes/main [0ms]
2023-02-01 23:48:28.845 [info] > git for-each-ref --sort -committerdate --format %(refname) %(objectname) %(*objectname) [0ms]
2023-02-01 23:48:28.914 [info] > git status -z -uall [75ms]
2023-02-01 23:48:33.990 [info] > git config --get commit.template [1ms]
2023-02-01 23:48:33.996 [info] > git for-each-ref --format=%(refname)%00%(upstream:short)%00%(objectname)%00%(upstream:track)%00%(upstream:remotename)%00%(upstream:remoteref) refs/heads/main refs/remotes/main [1ms]
2023-02-01 23:48:34.027 [info] > git for-each-ref --sort -committerdate --format %(refname) %(objectname) %(*objectname) [0ms]
2023-02-01 23:48:34.032 [info] > git status -z -uall [23ms]
2023-02-01 23:48:39.087 [info] > git config --get commit.template [1ms]
2023-02-01 23:48:39.094 [info] > git for-each-ref --format=%(refname)%00%(upstream:short)%00%(objectname)%00%(upstream:track)%00%(upstream:remotename)%00%(upstream:remoteref) refs/heads/main refs/remotes/main [1ms]
2023-02-01 23:48:39.124 [info] > git for-each-ref --sort -committerdate --format %(refname) %(objectname) %(*objectname) [1ms]
2023-02-01 23:48:39.194 [info] > git status -z -uall [87ms]
2023-02-01 23:48:44.252 [info] > git config --get commit.template [1ms]
2023-02-01 23:48:44.258 [info] > git for-each-ref --format=%(refname)%00%(upstream:short)%00%(objectname)%00%(upstream:track)%00%(upstream:remotename)%00%(upstream:remoteref) refs/heads/main refs/remotes/main [0ms]
2023-02-01 23:48:44.280 [info] > git for-each-ref --sort -committerdate --format %(refname) %(objectname) %(*objectname) [1ms]
2023-02-01 23:48:44.296 [info] > git status -z -uall [24ms]
2023-02-01 23:48:58.447 [info] > git config --get commit.template [1ms]
2023-02-01 23:48:58.454 [info] > git for-each-ref --format=%(refname)%00%(upstream:short)%00%(objectname)%00%(upstream:track)%00%(upstream:remotename)%00%(upstream:remoteref) refs/heads/main refs/remotes/main [1ms]
2023-02-01 23:48:58.484 [info] > git for-each-ref --sort -committerdate --format %(refname) %(objectname) %(*objectname) [0ms]
2023-02-01 23:48:58.557 [info] > git status -z -uall [90ms]
2023-02-01 23:49:03.621 [info] > git config --get commit.template [1ms]
2023-02-01 23:49:03.627 [info] > git for-each-ref --format=%(refname)%00%(upstream:short)%00%(objectname)%00%(upstream:track)%00%(upstream:remotename)%00%(upstream:remoteref) refs/heads/main refs/remotes/main [0ms]
2023-02-01 23:49:03.658 [info] > git for-each-ref --sort -committerdate --format %(refname) %(objectname) %(*objectname) [0ms]
2023-02-01 23:49:03.663 [info] > git status -z -uall [22ms]
2023-02-01 23:49:08.724 [info] > git config --get commit.template [1ms]
2023-02-01 23:49:08.731 [info] > git for-each-ref --format=%(refname)%00%(upstream:short)%00%(objectname)%00%(upstream:track)%00%(upstream:remotename)%00%(upstream:remoteref) refs/heads/main refs/remotes/main [0ms]
2023-02-01 23:49:08.762 [info] > git for-each-ref --sort -committerdate --format %(refname) %(objectname) %(*objectname) [0ms]
2023-02-01 23:49:08.818 [info] > git status -z -uall [73ms]
2023-02-01 23:49:13.954 [info] > git config --get commit.template [6ms]
2023-02-01 23:49:13.981 [info] > git for-each-ref --format=%(refname)%00%(upstream:short)%00%(objectname)%00%(upstream:track)%00%(upstream:remotename)%00%(upstream:remoteref) refs/heads/main refs/remotes/main [0ms]
2023-02-01 23:49:14.016 [info] > git for-each-ref --sort -committerdate --format %(refname) %(objectname) %(*objectname) [1ms]
2023-02-01 23:49:14.034 [info] > git status -z -uall [37ms]
2023-02-01 23:49:19.095 [info] > git config --get commit.template [0ms]
2023-02-01 23:49:19.102 [info] > git for-each-ref --format=%(refname)%00%(upstream:short)%00%(objectname)%00%(upstream:track)%00%(upstream:remotename)%00%(upstream:remoteref) refs/heads/main refs/remotes/main [0ms]
2023-02-01 23:49:19.132 [info] > git for-each-ref --sort -committerdate --format %(refname) %(objectname) %(*objectname) [1ms]
2023-02-01 23:49:19.138 [info] > git status -z -uall [23ms]
2023-02-01 23:49:27.816 [info] > git config --get commit.template [1ms]
2023-02-01 23:49:27.822 [info] > git for-each-ref --format=%(refname)%00%(upstream:short)%00%(objectname)%00%(upstream:track)%00%(upstream:remotename)%00%(upstream:remoteref) refs/heads/main refs/remotes/main [0ms]
2023-02-01 23:49:27.852 [info] > git for-each-ref --sort -committerdate --format %(refname) %(objectname) %(*objectname) [0ms]
2023-02-01 23:49:27.859 [info] > git status -z -uall [24ms]
2023-02-01 23:49:32.914 [info] > git config --get commit.template [1ms]
2023-02-01 23:49:32.921 [info] > git for-each-ref --format=%(refname)%00%(upstream:short)%00%(objectname)%00%(upstream:track)%00%(upstream:remotename)%00%(upstream:remoteref) refs/heads/main refs/remotes/main [0ms]
2023-02-01 23:49:32.941 [info] > git for-each-ref --sort -committerdate --format %(refname) %(objectname) %(*objectname) [1ms]
2023-02-01 23:49:32.955 [info] > git status -z -uall [21ms]
2023-02-01 23:49:38.009 [info] > git config --get commit.template [0ms]
2023-02-01 23:49:38.015 [info] > git for-each-ref --format=%(refname)%00%(upstream:short)%00%(objectname)%00%(upstream:track)%00%(upstream:remotename)%00%(upstream:remoteref) refs/heads/main refs/remotes/main [0ms]
2023-02-01 23:49:38.047 [info] > git for-each-ref --sort -committerdate --format %(refname) %(objectname) %(*objectname) [0ms]
2023-02-01 23:49:38.118 [info] > git status -z -uall [88ms]
2023-02-01 23:49:43.171 [info] > git config --get commit.template [1ms]
2023-02-01 23:49:43.178 [info] > git for-each-ref --format=%(refname)%00%(upstream:short)%00%(objectname)%00%(upstream:track)%00%(upstream:remotename)%00%(upstream:remoteref) refs/heads/main refs/remotes/main [1ms]
2023-02-01 23:49:43.208 [info] > git for-each-ref --sort -committerdate --format %(refname) %(objectname) %(*objectname) [0ms]
2023-02-01 23:49:43.213 [info] > git status -z -uall [22ms]
2023-02-01 23:49:48.266 [info] > git config --get commit.template [0ms]
2023-02-01 23:49:48.273 [info] > git for-each-ref --format=%(refname)%00%(upstream:short)%00%(objectname)%00%(upstream:track)%00%(upstream:remotename)%00%(upstream:remoteref) refs/heads/main refs/remotes/main [1ms]
2023-02-01 23:49:48.303 [info] > git for-each-ref --sort -committerdate --format %(refname) %(objectname) %(*objectname) [1ms]
2023-02-01 23:49:48.309 [info] > git status -z -uall [23ms]
2023-02-01 23:49:53.368 [info] > git config --get commit.template [1ms]
2023-02-01 23:49:53.377 [info] > git for-each-ref --format=%(refname)%00%(upstream:short)%00%(objectname)%00%(upstream:track)%00%(upstream:remotename)%00%(upstream:remoteref) refs/heads/main refs/remotes/main [0ms]
2023-02-01 23:49:53.409 [info] > git for-each-ref --sort -committerdate --format %(refname) %(objectname) %(*objectname) [0ms]
2023-02-01 23:49:53.415 [info] > git status -z -uall [24ms]
2023-02-01 23:49:58.473 [info] > git config --get commit.template [1ms]
2023-02-01 23:49:58.479 [info] > git for-each-ref --format=%(refname)%00%(upstream:short)%00%(objectname)%00%(upstream:track)%00%(upstream:remotename)%00%(upstream:remoteref) refs/heads/main refs/remotes/main [0ms]
2023-02-01 23:49:58.509 [info] > git for-each-ref --sort -committerdate --format %(refname) %(objectname) %(*objectname) [0ms]
2023-02-01 23:49:58.516 [info] > git status -z -uall [24ms]
2023-02-01 23:50:32.437 [info] > git config --get commit.template [0ms]
2023-02-01 23:50:32.443 [info] > git for-each-ref --format=%(refname)%00%(upstream:short)%00%(objectname)%00%(upstream:track)%00%(upstream:remotename)%00%(upstream:remoteref) refs/heads/main refs/remotes/main [1ms]
2023-02-01 23:50:32.461 [info] > git for-each-ref --sort -committerdate --format %(refname) %(objectname) %(*objectname) [0ms]
2023-02-01 23:50:32.484 [info] > git status -z -uall [28ms]
2023-02-01 23:50:37.569 [info] > git config --get commit.template [1ms]
2023-02-01 23:50:37.576 [info] > git for-each-ref --format=%(refname)%00%(upstream:short)%00%(objectname)%00%(upstream:track)%00%(upstream:remotename)%00%(upstream:remoteref) refs/heads/main refs/remotes/main [1ms]
2023-02-01 23:50:37.606 [info] > git for-each-ref --sort -committerdate --format %(refname) %(objectname) %(*objectname) [1ms]
2023-02-01 23:50:37.659 [info] > git status -z -uall [70ms]
2023-02-01 23:50:42.738 [info] > git config --get commit.template [0ms]
2023-02-01 23:50:42.745 [info] > git for-each-ref --format=%(refname)%00%(upstream:short)%00%(objectname)%00%(upstream:track)%00%(upstream:remotename)%00%(upstream:remoteref) refs/heads/main refs/remotes/main [0ms]
2023-02-01 23:50:42.775 [info] > git for-each-ref --sort -committerdate --format %(refname) %(objectname) %(*objectname) [0ms]
2023-02-01 23:50:42.780 [info] > git status -z -uall [22ms]
2023-02-01 23:50:47.838 [info] > git config --get commit.template [0ms]
2023-02-01 23:50:47.845 [info] > git for-each-ref --format=%(refname)%00%(upstream:short)%00%(objectname)%00%(upstream:track)%00%(upstream:remotename)%00%(upstream:remoteref) refs/heads/main refs/remotes/main [1ms]
2023-02-01 23:50:47.875 [info] > git for-each-ref --sort -committerdate --format %(refname) %(objectname) %(*objectname) [0ms]
2023-02-01 23:50:47.879 [info] > git status -z -uall [21ms]
2023-02-01 23:50:52.932 [info] > git config --get commit.template [1ms]
2023-02-01 23:50:52.939 [info] > git for-each-ref --format=%(refname)%00%(upstream:short)%00%(objectname)%00%(upstream:track)%00%(upstream:remotename)%00%(upstream:remoteref) refs/heads/main refs/remotes/main [0ms]
2023-02-01 23:50:52.970 [info] > git for-each-ref --sort -committerdate --format %(refname) %(objectname) %(*objectname) [1ms]
2023-02-01 23:50:52.979 [info] > git status -z -uall [27ms]
2023-02-01 23:50:58.036 [info] > git config --get commit.template [0ms]
2023-02-01 23:50:58.043 [info] > git for-each-ref --format=%(refname)%00%(upstream:short)%00%(objectname)%00%(upstream:track)%00%(upstream:remotename)%00%(upstream:remoteref) refs/heads/main refs/remotes/main [1ms]
2023-02-01 23:50:58.074 [info] > git for-each-ref --sort -committerdate --format %(refname) %(objectname) %(*objectname) [1ms]
2023-02-01 23:50:58.080 [info] > git status -z -uall [24ms]
2023-02-01 23:51:03.130 [info] > git config --get commit.template [0ms]
2023-02-01 23:51:03.137 [info] > git for-each-ref --format=%(refname)%00%(upstream:short)%00%(objectname)%00%(upstream:track)%00%(upstream:remotename)%00%(upstream:remoteref) refs/heads/main refs/remotes/main [1ms]
2023-02-01 23:51:03.167 [info] > git for-each-ref --sort -committerdate --format %(refname) %(objectname) %(*objectname) [0ms]
2023-02-01 23:51:03.172 [info] > git status -z -uall [22ms]
2023-02-01 23:51:08.243 [info] > git config --get commit.template [0ms]
2023-02-01 23:51:08.250 [info] > git for-each-ref --format=%(refname)%00%(upstream:short)%00%(objectname)%00%(upstream:track)%00%(upstream:remotename)%00%(upstream:remoteref) refs/heads/main refs/remotes/main [1ms]
2023-02-01 23:51:08.280 [info] > git for-each-ref --sort -committerdate --format %(refname) %(objectname) %(*objectname) [1ms]
2023-02-01 23:51:08.286 [info] > git status -z -uall [23ms]
2023-02-01 23:51:13.341 [info] > git config --get commit.template [0ms]
2023-02-01 23:51:13.348 [info] > git for-each-ref --format=%(refname)%00%(upstream:short)%00%(objectname)%00%(upstream:track)%00%(upstream:remotename)%00%(upstream:remoteref) refs/heads/main refs/remotes/main [0ms]
2023-02-01 23:51:13.378 [info] > git for-each-ref --sort -committerdate --format %(refname) %(objectname) %(*objectname) [0ms]
2023-02-01 23:51:13.454 [info] > git status -z -uall [93ms]
2023-02-01 23:51:30.207 [info] > git config --get commit.template [45ms]
2023-02-01 23:51:30.236 [info] > git for-each-ref --format=%(refname)%00%(upstream:short)%00%(objectname)%00%(upstream:track)%00%(upstream:remotename)%00%(upstream:remoteref) refs/heads/main refs/remotes/main [1ms]
2023-02-01 23:51:30.266 [info] > git for-each-ref --sort -committerdate --format %(refname) %(objectname) %(*objectname) [0ms]
2023-02-01 23:51:30.273 [info] > git status -z -uall [24ms]
2023-02-01 23:51:35.332 [info] > git config --get commit.template [0ms]
2023-02-01 23:51:35.339 [info] > git for-each-ref --format=%(refname)%00%(upstream:short)%00%(objectname)%00%(upstream:track)%00%(upstream:remotename)%00%(upstream:remoteref) refs/heads/main refs/remotes/main [1ms]
2023-02-01 23:51:35.358 [info] > git for-each-ref --sort -committerdate --format %(refname) %(objectname) %(*objectname) [0ms]
2023-02-01 23:51:35.376 [info] > git status -z -uall [24ms]
2023-02-01 23:51:40.434 [info] > git config --get commit.template [1ms]
2023-02-01 23:51:40.441 [info] > git for-each-ref --format=%(refname)%00%(upstream:short)%00%(objectname)%00%(upstream:track)%00%(upstream:remotename)%00%(upstream:remoteref) refs/heads/main refs/remotes/main [1ms]
2023-02-01 23:51:40.462 [info] > git for-each-ref --sort -committerdate --format %(refname) %(objectname) %(*objectname) [2ms]
2023-02-01 23:51:40.541 [info] > git status -z -uall [87ms]
2023-02-01 23:51:45.594 [info] > git config --get commit.template [1ms]
2023-02-01 23:51:45.600 [info] > git for-each-ref --format=%(refname)%00%(upstream:short)%00%(objectname)%00%(upstream:track)%00%(upstream:remotename)%00%(upstream:remoteref) refs/heads/main refs/remotes/main [0ms]
2023-02-01 23:51:45.630 [info] > git for-each-ref --sort -committerdate --format %(refname) %(objectname) %(*objectname) [0ms]
2023-02-01 23:51:45.635 [info] > git status -z -uall [22ms]
2023-02-01 23:51:50.689 [info] > git config --get commit.template [1ms]
2023-02-01 23:51:50.695 [info] > git for-each-ref --format=%(refname)%00%(upstream:short)%00%(objectname)%00%(upstream:track)%00%(upstream:remotename)%00%(upstream:remoteref) refs/heads/main refs/remotes/main [0ms]
2023-02-01 23:51:50.725 [info] > git for-each-ref --sort -committerdate --format %(refname) %(objectname) %(*objectname) [0ms]
2023-02-01 23:51:50.730 [info] > git status -z -uall [22ms]
2023-02-01 23:51:55.781 [info] > git config --get commit.template [0ms]
2023-02-01 23:51:55.787 [info] > git for-each-ref --format=%(refname)%00%(upstream:short)%00%(objectname)%00%(upstream:track)%00%(upstream:remotename)%00%(upstream:remoteref) refs/heads/main refs/remotes/main [0ms]
2023-02-01 23:51:55.817 [info] > git for-each-ref --sort -committerdate --format %(refname) %(objectname) %(*objectname) [0ms]
2023-02-01 23:51:55.823 [info] > git status -z -uall [23ms]
2023-02-01 23:54:09.223 [info] > git config --get commit.template [0ms]
2023-02-01 23:54:09.230 [info] > git for-each-ref --format=%(refname)%00%(upstream:short)%00%(objectname)%00%(upstream:track)%00%(upstream:remotename)%00%(upstream:remoteref) refs/heads/main refs/remotes/main [0ms]
2023-02-01 23:54:09.258 [info] > git for-each-ref --sort -committerdate --format %(refname) %(objectname) %(*objectname) [0ms]
2023-02-01 23:54:09.272 [info] > git status -z -uall [29ms]
2023-02-01 23:54:14.338 [info] > git config --get commit.template [1ms]
2023-02-01 23:54:14.345 [info] > git for-each-ref --format=%(refname)%00%(upstream:short)%00%(objectname)%00%(upstream:track)%00%(upstream:remotename)%00%(upstream:remoteref) refs/heads/main refs/remotes/main [1ms]
2023-02-01 23:54:14.375 [info] > git for-each-ref --sort -committerdate --format %(refname) %(objectname) %(*objectname) [0ms]
2023-02-01 23:54:14.437 [info] > git status -z -uall [79ms]
2023-02-01 23:54:19.506 [info] > git config --get commit.template [0ms]
2023-02-01 23:54:19.512 [info] > git for-each-ref --format=%(refname)%00%(upstream:short)%00%(objectname)%00%(upstream:track)%00%(upstream:remotename)%00%(upstream:remoteref) refs/heads/main refs/remotes/main [0ms]
2023-02-01 23:54:19.532 [info] > git for-each-ref --sort -committerdate --format %(refname) %(objectname) %(*objectname) [1ms]
2023-02-01 23:54:19.550 [info] > git status -z -uall [25ms]
2023-02-01 23:54:24.664 [info] > git config --get commit.template [0ms]
2023-02-01 23:54:24.671 [info] > git for-each-ref --format=%(refname)%00%(upstream:short)%00%(objectname)%00%(upstream:track)%00%(upstream:remotename)%00%(upstream:remoteref) refs/heads/main refs/remotes/main [1ms]
2023-02-01 23:54:24.701 [info] > git for-each-ref --sort -committerdate --format %(refname) %(objectname) %(*objectname) [0ms]
2023-02-01 23:54:24.706 [info] > git status -z -uall [22ms]
2023-02-01 23:54:29.761 [info] > git config --get commit.template [0ms]
2023-02-01 23:54:29.768 [info] > git for-each-ref --format=%(refname)%00%(upstream:short)%00%(objectname)%00%(upstream:track)%00%(upstream:remotename)%00%(upstream:remoteref) refs/heads/main refs/remotes/main [1ms]
2023-02-01 23:54:29.788 [info] > git for-each-ref --sort -committerdate --format %(refname) %(objectname) %(*objectname) [1ms]
2023-02-01 23:54:29.873 [info] > git status -z -uall [91ms]
2023-02-01 23:54:34.930 [info] > git config --get commit.template [0ms]
2023-02-01 23:54:34.936 [info] > git for-each-ref --format=%(refname)%00%(upstream:short)%00%(objectname)%00%(upstream:track)%00%(upstream:remotename)%00%(upstream:remoteref) refs/heads/main refs/remotes/main [0ms]
2023-02-01 23:54:34.966 [info] > git for-each-ref --sort -committerdate --format %(refname) %(objectname) %(*objectname) [1ms]
2023-02-01 23:54:34.970 [info] > git status -z -uall [21ms]
2023-02-01 23:54:49.521 [info] > git config --get commit.template [0ms]
2023-02-01 23:54:49.528 [info] > git for-each-ref --format=%(refname)%00%(upstream:short)%00%(objectname)%00%(upstream:track)%00%(upstream:remotename)%00%(upstream:remoteref) refs/heads/main refs/remotes/main [1ms]
2023-02-01 23:54:49.548 [info] > git for-each-ref --sort -committerdate --format %(refname) %(objectname) %(*objectname) [1ms]
2023-02-01 23:54:49.562 [info] > git status -z -uall [20ms]
2023-02-01 23:54:54.622 [info] > git config --get commit.template [1ms]
2023-02-01 23:54:54.629 [info] > git for-each-ref --format=%(refname)%00%(upstream:short)%00%(objectname)%00%(upstream:track)%00%(upstream:remotename)%00%(upstream:remoteref) refs/heads/main refs/remotes/main [0ms]
2023-02-01 23:54:54.661 [info] > git for-each-ref --sort -committerdate --format %(refname) %(objectname) %(*objectname) [1ms]
2023-02-01 23:54:54.664 [info] > git status -z -uall [19ms]
2023-02-01 23:54:59.734 [info] > git config --get commit.template [1ms]
2023-02-01 23:54:59.741 [info] > git for-each-ref --format=%(refname)%00%(upstream:short)%00%(objectname)%00%(upstream:track)%00%(upstream:remotename)%00%(upstream:remoteref) refs/heads/main refs/remotes/main [1ms]
2023-02-01 23:54:59.772 [info] > git for-each-ref --sort -committerdate --format %(refname) %(objectname) %(*objectname) [1ms]
2023-02-01 23:54:59.780 [info] > git status -z -uall [26ms]
2023-02-01 23:55:04.829 [info] > git config --get commit.template [1ms]
2023-02-01 23:55:04.836 [info] > git for-each-ref --format=%(refname)%00%(upstream:short)%00%(objectname)%00%(upstream:track)%00%(upstream:remotename)%00%(upstream:remoteref) refs/heads/main refs/remotes/main [0ms]
2023-02-01 23:55:04.865 [info] > git for-each-ref --sort -committerdate --format %(refname) %(objectname) %(*objectname) [1ms]
2023-02-01 23:55:04.870 [info] > git status -z -uall [22ms]
2023-02-01 23:55:17.941 [info] > git config --get commit.template [0ms]
2023-02-01 23:55:17.948 [info] > git for-each-ref --format=%(refname)%00%(upstream:short)%00%(objectname)%00%(upstream:track)%00%(upstream:remotename)%00%(upstream:remoteref) refs/heads/main refs/remotes/main [1ms]
2023-02-01 23:55:17.967 [info] > git for-each-ref --sort -committerdate --format %(refname) %(objectname) %(*objectname) [1ms]
2023-02-01 23:55:17.986 [info] > git status -z -uall [25ms]
2023-02-01 23:55:42.878 [info] > git config --get commit.template [0ms]
2023-02-01 23:55:42.883 [info] > git for-each-ref --format=%(refname)%00%(upstream:short)%00%(objectname)%00%(upstream:track)%00%(upstream:remotename)%00%(upstream:remoteref) refs/heads/main refs/remotes/main [0ms]
2023-02-01 23:55:42.913 [info] > git for-each-ref --sort -committerdate --format %(refname) %(objectname) %(*objectname) [1ms]
2023-02-01 23:55:42.924 [info] > git status -z -uall [28ms]
2023-02-01 23:55:47.990 [info] > git config --get commit.template [0ms]
2023-02-01 23:55:47.997 [info] > git for-each-ref --format=%(refname)%00%(upstream:short)%00%(objectname)%00%(upstream:track)%00%(upstream:remotename)%00%(upstream:remoteref) refs/heads/main refs/remotes/main [1ms]
2023-02-01 23:55:48.029 [info] > git for-each-ref --sort -committerdate --format %(refname) %(objectname) %(*objectname) [0ms]
2023-02-01 23:55:48.033 [info] > git status -z -uall [23ms]
2023-02-01 23:55:57.804 [info] > git config --get commit.template [0ms]
2023-02-01 23:55:57.811 [info] > git for-each-ref --format=%(refname)%00%(upstream:short)%00%(objectname)%00%(upstream:track)%00%(upstream:remotename)%00%(upstream:remoteref) refs/heads/main refs/remotes/main [1ms]
2023-02-01 23:55:57.841 [info] > git for-each-ref --sort -committerdate --format %(refname) %(objectname) %(*objectname) [0ms]
2023-02-01 23:55:57.846 [info] > git status -z -uall [22ms]
2023-02-01 23:56:02.905 [info] > git config --get commit.template [0ms]
2023-02-01 23:56:02.911 [info] > git for-each-ref --format=%(refname)%00%(upstream:short)%00%(objectname)%00%(upstream:track)%00%(upstream:remotename)%00%(upstream:remoteref) refs/heads/main refs/remotes/main [0ms]
2023-02-01 23:56:02.945 [info] > git for-each-ref --sort -committerdate --format %(refname) %(objectname) %(*objectname) [0ms]
2023-02-01 23:56:02.950 [info] > git status -z -uall [22ms]
2023-02-01 23:56:16.347 [info] > git config --get commit.template [1ms]
2023-02-01 23:56:16.354 [info] > git for-each-ref --format=%(refname)%00%(upstream:short)%00%(objectname)%00%(upstream:track)%00%(upstream:remotename)%00%(upstream:remoteref) refs/heads/main refs/remotes/main [1ms]
2023-02-01 23:56:16.374 [info] > git for-each-ref --sort -committerdate --format %(refname) %(objectname) %(*objectname) [0ms]
2023-02-01 23:56:16.464 [info] > git status -z -uall [97ms]
2023-02-01 23:56:21.532 [info] > git config --get commit.template [1ms]
2023-02-01 23:56:21.539 [info] > git for-each-ref --format=%(refname)%00%(upstream:short)%00%(objectname)%00%(upstream:track)%00%(upstream:remotename)%00%(upstream:remoteref) refs/heads/main refs/remotes/main [1ms]
2023-02-01 23:56:21.569 [info] > git for-each-ref --sort -committerdate --format %(refname) %(objectname) %(*objectname) [0ms]
2023-02-01 23:56:21.574 [info] > git status -z -uall [22ms]
2023-02-01 23:56:33.960 [info] > git config --get commit.template [0ms]
2023-02-01 23:56:33.968 [info] > git for-each-ref --format=%(refname)%00%(upstream:short)%00%(objectname)%00%(upstream:track)%00%(upstream:remotename)%00%(upstream:remoteref) refs/heads/main refs/remotes/main [1ms]
2023-02-01 23:56:33.999 [info] > git for-each-ref --sort -committerdate --format %(refname) %(objectname) %(*objectname) [1ms]
2023-02-01 23:56:34.008 [info] > git status -z -uall [27ms]
2023-02-01 23:56:39.078 [info] > git config --get commit.template [0ms]
2023-02-01 23:56:39.085 [info] > git for-each-ref --format=%(refname)%00%(upstream:short)%00%(objectname)%00%(upstream:track)%00%(upstream:remotename)%00%(upstream:remoteref) refs/heads/main refs/remotes/main [0ms]
2023-02-01 23:56:39.115 [info] > git for-each-ref --sort -committerdate --format %(refname) %(objectname) %(*objectname) [0ms]
2023-02-01 23:56:39.121 [info] > git status -z -uall [23ms]
2023-02-01 23:56:44.167 [info] > git config --get commit.template [0ms]
2023-02-01 23:56:44.173 [info] > git for-each-ref --format=%(refname)%00%(upstream:short)%00%(objectname)%00%(upstream:track)%00%(upstream:remotename)%00%(upstream:remoteref) refs/heads/main refs/remotes/main [0ms]
2023-02-01 23:56:44.203 [info] > git for-each-ref --sort -committerdate --format %(refname) %(objectname) %(*objectname) [0ms]
2023-02-01 23:56:44.212 [info] > git status -z -uall [26ms]
2023-02-01 23:56:49.263 [info] > git config --get commit.template [1ms]
2023-02-01 23:56:49.270 [info] > git for-each-ref --format=%(refname)%00%(upstream:short)%00%(objectname)%00%(upstream:track)%00%(upstream:remotename)%00%(upstream:remoteref) refs/heads/main refs/remotes/main [1ms]
2023-02-01 23:56:49.300 [info] > git for-each-ref --sort -committerdate --format %(refname) %(objectname) %(*objectname) [0ms]
2023-02-01 23:56:49.306 [info] > git status -z -uall [23ms]
2023-02-01 23:57:27.895 [info] > git config --get commit.template [1ms]
2023-02-01 23:57:27.901 [info] > git for-each-ref --format=%(refname)%00%(upstream:short)%00%(objectname)%00%(upstream:track)%00%(upstream:remotename)%00%(upstream:remoteref) refs/heads/main refs/remotes/main [0ms]
2023-02-01 23:57:27.931 [info] > git for-each-ref --sort -committerdate --format %(refname) %(objectname) %(*objectname) [0ms]
2023-02-01 23:57:27.944 [info] > git status -z -uall [30ms]
2023-02-01 23:57:33.010 [info] > git config --get commit.template [0ms]
2023-02-01 23:57:33.017 [info] > git for-each-ref --format=%(refname)%00%(upstream:short)%00%(objectname)%00%(upstream:track)%00%(upstream:remotename)%00%(upstream:remoteref) refs/heads/main refs/remotes/main [1ms]
2023-02-01 23:57:33.038 [info] > git for-each-ref --sort -committerdate --format %(refname) %(objectname) %(*objectname) [1ms]
2023-02-01 23:57:33.105 [info] > git status -z -uall [74ms]
2023-02-01 23:57:38.172 [info] > git config --get commit.template [0ms]
2023-02-01 23:57:38.179 [info] > git for-each-ref --format=%(refname)%00%(upstream:short)%00%(objectname)%00%(upstream:track)%00%(upstream:remotename)%00%(upstream:remoteref) refs/heads/main refs/remotes/main [0ms]
2023-02-01 23:57:38.209 [info] > git for-each-ref --sort -committerdate --format %(refname) %(objectname) %(*objectname) [0ms]
2023-02-01 23:57:38.262 [info] > git status -z -uall [70ms]
2023-02-01 23:57:43.334 [info] > git config --get commit.template [1ms]
2023-02-01 23:57:43.341 [info] > git for-each-ref --format=%(refname)%00%(upstream:short)%00%(objectname)%00%(upstream:track)%00%(upstream:remotename)%00%(upstream:remoteref) refs/heads/main refs/remotes/main [1ms]
2023-02-01 23:57:43.371 [info] > git for-each-ref --sort -committerdate --format %(refname) %(objectname) %(*objectname) [0ms]
2023-02-01 23:57:43.427 [info] > git status -z -uall [73ms]
2023-02-01 23:58:06.260 [info] > git config --get commit.template [0ms]
2023-02-01 23:58:06.266 [info] > git for-each-ref --format=%(refname)%00%(upstream:short)%00%(objectname)%00%(upstream:track)%00%(upstream:remotename)%00%(upstream:remoteref) refs/heads/main refs/remotes/main [0ms]
2023-02-01 23:58:06.295 [info] > git for-each-ref --sort -committerdate --format %(refname) %(objectname) %(*objectname) [1ms]
2023-02-01 23:58:06.310 [info] > git status -z -uall [32ms]
2023-02-01 23:58:41.596 [info] > git config --get commit.template [1ms]
2023-02-01 23:58:41.602 [info] > git for-each-ref --format=%(refname)%00%(upstream:short)%00%(objectname)%00%(upstream:track)%00%(upstream:remotename)%00%(upstream:remoteref) refs/heads/main refs/remotes/main [0ms]
2023-02-01 23:58:41.632 [info] > git for-each-ref --sort -committerdate --format %(refname) %(objectname) %(*objectname) [1ms]
2023-02-01 23:58:41.639 [info] > git status -z -uall [24ms]
2023-02-01 23:58:46.745 [info] > git config --get commit.template [45ms]
2023-02-01 23:58:46.771 [info] > git for-each-ref --format=%(refname)%00%(upstream:short)%00%(objectname)%00%(upstream:track)%00%(upstream:remotename)%00%(upstream:remoteref) refs/heads/main refs/remotes/main [0ms]
2023-02-01 23:58:46.801 [info] > git for-each-ref --sort -committerdate --format %(refname) %(objectname) %(*objectname) [0ms]
2023-02-01 23:58:46.807 [info] > git status -z -uall [23ms]
2023-02-01 23:59:36.472 [info] > git config --get commit.template [1ms]
2023-02-01 23:59:36.480 [info] > git for-each-ref --format=%(refname)%00%(upstream:short)%00%(objectname)%00%(upstream:track)%00%(upstream:remotename)%00%(upstream:remoteref) refs/heads/main refs/remotes/main [1ms]
2023-02-01 23:59:36.515 [info] > git for-each-ref --sort -committerdate --format %(refname) %(objectname) %(*objectname) [1ms]
2023-02-01 23:59:36.597 [info] > git status -z -uall [101ms]
2023-02-01 23:59:41.677 [info] > git config --get commit.template [0ms]
2023-02-01 23:59:41.684 [info] > git for-each-ref --format=%(refname)%00%(upstream:short)%00%(objectname)%00%(upstream:track)%00%(upstream:remotename)%00%(upstream:remoteref) refs/heads/main refs/remotes/main [0ms]
2023-02-01 23:59:41.713 [info] > git for-each-ref --sort -committerdate --format %(refname) %(objectname) %(*objectname) [1ms]
2023-02-01 23:59:41.718 [info] > git status -z -uall [22ms]
2023-02-01 23:59:46.774 [info] > git config --get commit.template [1ms]
2023-02-01 23:59:46.784 [info] > git for-each-ref --format=%(refname)%00%(upstream:short)%00%(objectname)%00%(upstream:track)%00%(upstream:remotename)%00%(upstream:remoteref) refs/heads/main refs/remotes/main [0ms]
2023-02-01 23:59:46.818 [info] > git for-each-ref --sort -committerdate --format %(refname) %(objectname) %(*objectname) [0ms]
2023-02-01 23:59:46.839 [info] > git status -z -uall [40ms]
2023-02-01 23:59:51.892 [info] > git config --get commit.template [0ms]
2023-02-01 23:59:51.898 [info] > git for-each-ref --format=%(refname)%00%(upstream:short)%00%(objectname)%00%(upstream:track)%00%(upstream:remotename)%00%(upstream:remoteref) refs/heads/main refs/remotes/main [0ms]
2023-02-01 23:59:51.928 [info] > git for-each-ref --sort -committerdate --format %(refname) %(objectname) %(*objectname) [0ms]
2023-02-01 23:59:51.933 [info] > git status -z -uall [22ms]
2023-02-01 23:59:56.987 [info] > git config --get commit.template [0ms]
2023-02-01 23:59:56.993 [info] > git for-each-ref --format=%(refname)%00%(upstream:short)%00%(objectname)%00%(upstream:track)%00%(upstream:remotename)%00%(upstream:remoteref) refs/heads/main refs/remotes/main [0ms]
2023-02-01 23:59:57.024 [info] > git for-each-ref --sort -committerdate --format %(refname) %(objectname) %(*objectname) [0ms]
2023-02-01 23:59:57.029 [info] > git status -z -uall [23ms]
2023-02-02 00:00:02.079 [info] > git config --get commit.template [1ms]
2023-02-02 00:00:02.086 [info] > git for-each-ref --format=%(refname)%00%(upstream:short)%00%(objectname)%00%(upstream:track)%00%(upstream:remotename)%00%(upstream:remoteref) refs/heads/main refs/remotes/main [1ms]
2023-02-02 00:00:02.116 [info] > git for-each-ref --sort -committerdate --format %(refname) %(objectname) %(*objectname) [0ms]
2023-02-02 00:00:02.120 [info] > git status -z -uall [21ms]
2023-02-02 00:00:07.176 [info] > git config --get commit.template [1ms]
2023-02-02 00:00:07.182 [info] > git for-each-ref --format=%(refname)%00%(upstream:short)%00%(objectname)%00%(upstream:track)%00%(upstream:remotename)%00%(upstream:remoteref) refs/heads/main refs/remotes/main [0ms]
2023-02-02 00:00:07.212 [info] > git for-each-ref --sort -committerdate --format %(refname) %(objectname) %(*objectname) [1ms]
2023-02-02 00:00:07.218 [info] > git status -z -uall [23ms]
2023-02-02 00:00:12.268 [info] > git config --get commit.template [0ms]
2023-02-02 00:00:12.274 [info] > git for-each-ref --format=%(refname)%00%(upstream:short)%00%(objectname)%00%(upstream:track)%00%(upstream:remotename)%00%(upstream:remoteref) refs/heads/main refs/remotes/main [0ms]
2023-02-02 00:00:12.304 [info] > git for-each-ref --sort -committerdate --format %(refname) %(objectname) %(*objectname) [0ms]
2023-02-02 00:00:12.309 [info] > git status -z -uall [22ms]
2023-02-02 00:00:17.381 [info] > git config --get commit.template [0ms]
2023-02-02 00:00:17.387 [info] > git for-each-ref --format=%(refname)%00%(upstream:short)%00%(objectname)%00%(upstream:track)%00%(upstream:remotename)%00%(upstream:remoteref) refs/heads/main refs/remotes/main [0ms]
2023-02-02 00:00:17.417 [info] > git for-each-ref --sort -committerdate --format %(refname) %(objectname) %(*objectname) [1ms]
2023-02-02 00:00:17.423 [info] > git status -z -uall [23ms]
2023-02-02 00:01:02.419 [info] > git config --get commit.template [1ms]
2023-02-02 00:01:02.425 [info] > git for-each-ref --format=%(refname)%00%(upstream:short)%00%(objectname)%00%(upstream:track)%00%(upstream:remotename)%00%(upstream:remoteref) refs/heads/main refs/remotes/main [1ms]
2023-02-02 00:01:02.455 [info] > git for-each-ref --sort -committerdate --format %(refname) %(objectname) %(*objectname) [1ms]
2023-02-02 00:01:02.466 [info] > git status -z -uall [27ms]
2023-02-02 00:01:07.529 [info] > git config --get commit.template [0ms]
2023-02-02 00:01:07.536 [info] > git for-each-ref --format=%(refname)%00%(upstream:short)%00%(objectname)%00%(upstream:track)%00%(upstream:remotename)%00%(upstream:remoteref) refs/heads/main refs/remotes/main [1ms]
2023-02-02 00:01:07.567 [info] > git for-each-ref --sort -committerdate --format %(refname) %(objectname) %(*objectname) [0ms]
2023-02-02 00:01:07.621 [info] > git status -z -uall [72ms]
2023-02-02 00:01:12.697 [info] > git config --get commit.template [1ms]
2023-02-02 00:01:12.704 [info] > git for-each-ref --format=%(refname)%00%(upstream:short)%00%(objectname)%00%(upstream:track)%00%(upstream:remotename)%00%(upstream:remoteref) refs/heads/main refs/remotes/main [1ms]
2023-02-02 00:01:12.734 [info] > git for-each-ref --sort -committerdate --format %(refname) %(objectname) %(*objectname) [1ms]
2023-02-02 00:01:12.807 [info] > git status -z -uall [90ms]
2023-02-02 00:01:17.861 [info] > git config --get commit.template [1ms]
2023-02-02 00:01:17.868 [info] > git for-each-ref --format=%(refname)%00%(upstream:short)%00%(objectname)%00%(upstream:track)%00%(upstream:remotename)%00%(upstream:remoteref) refs/heads/main refs/remotes/main [1ms]
2023-02-02 00:01:17.954 [info] > git for-each-ref --sort -committerdate --format %(refname) %(objectname) %(*objectname) [4ms]
2023-02-02 00:01:17.975 [info] > git status -z -uall [42ms]
2023-02-02 00:01:23.031 [info] > git config --get commit.template [0ms]
2023-02-02 00:01:23.038 [info] > git for-each-ref --format=%(refname)%00%(upstream:short)%00%(objectname)%00%(upstream:track)%00%(upstream:remotename)%00%(upstream:remoteref) refs/heads/main refs/remotes/main [1ms]
2023-02-02 00:01:23.068 [info] > git for-each-ref --sort -committerdate --format %(refname) %(objectname) %(*objectname) [1ms]
2023-02-02 00:01:23.077 [info] > git status -z -uall [26ms]
2023-02-02 00:01:43.658 [info] > git config --get commit.template [1ms]
2023-02-02 00:01:43.665 [info] > git for-each-ref --format=%(refname)%00%(upstream:short)%00%(objectname)%00%(upstream:track)%00%(upstream:remotename)%00%(upstream:remoteref) refs/heads/main refs/remotes/main [0ms]
2023-02-02 00:01:43.695 [info] > git for-each-ref --sort -committerdate --format %(refname) %(objectname) %(*objectname) [1ms]
2023-02-02 00:01:43.748 [info] > git status -z -uall [70ms]
2023-02-02 00:01:48.836 [info] > git config --get commit.template [0ms]
2023-02-02 00:01:48.843 [info] > git for-each-ref --format=%(refname)%00%(upstream:short)%00%(objectname)%00%(upstream:track)%00%(upstream:remotename)%00%(upstream:remoteref) refs/heads/main refs/remotes/main [1ms]
2023-02-02 00:01:48.862 [info] > git for-each-ref --sort -committerdate --format %(refname) %(objectname) %(*objectname) [1ms]
2023-02-02 00:01:48.942 [info] > git status -z -uall [86ms]
2023-02-02 00:01:58.700 [info] > git config --get commit.template [0ms]
2023-02-02 00:01:58.706 [info] > git for-each-ref --format=%(refname)%00%(upstream:short)%00%(objectname)%00%(upstream:track)%00%(upstream:remotename)%00%(upstream:remoteref) refs/heads/main refs/remotes/main [1ms]
2023-02-02 00:01:58.736 [info] > git for-each-ref --sort -committerdate --format %(refname) %(objectname) %(*objectname) [1ms]
2023-02-02 00:01:58.741 [info] > git status -z -uall [21ms]
2023-02-02 00:02:03.798 [info] > git config --get commit.template [0ms]
2023-02-02 00:02:03.810 [info] > git for-each-ref --format=%(refname)%00%(upstream:short)%00%(objectname)%00%(upstream:track)%00%(upstream:remotename)%00%(upstream:remoteref) refs/heads/main refs/remotes/main [0ms]
2023-02-02 00:02:03.840 [info] > git for-each-ref --sort -committerdate --format %(refname) %(objectname) %(*objectname) [0ms]
2023-02-02 00:02:03.849 [info] > git status -z -uall [26ms]
2023-02-02 00:02:49.942 [info] > git config --get commit.template [1ms]
2023-02-02 00:02:49.948 [info] > git for-each-ref --format=%(refname)%00%(upstream:short)%00%(objectname)%00%(upstream:track)%00%(upstream:remotename)%00%(upstream:remoteref) refs/heads/main refs/remotes/main [1ms]
2023-02-02 00:02:49.966 [info] > git for-each-ref --sort -committerdate --format %(refname) %(objectname) %(*objectname) [0ms]
2023-02-02 00:02:49.990 [info] > git status -z -uall [29ms]
2023-02-02 00:02:55.052 [info] > git config --get commit.template [1ms]
2023-02-02 00:02:55.059 [info] > git for-each-ref --format=%(refname)%00%(upstream:short)%00%(objectname)%00%(upstream:track)%00%(upstream:remotename)%00%(upstream:remoteref) refs/heads/main refs/remotes/main [0ms]
2023-02-02 00:02:55.088 [info] > git for-each-ref --sort -committerdate --format %(refname) %(objectname) %(*objectname) [1ms]
2023-02-02 00:02:55.156 [info] > git status -z -uall [85ms]
2023-02-02 00:03:20.278 [info] > git config --get commit.template [0ms]
2023-02-02 00:03:20.284 [info] > git for-each-ref --format=%(refname)%00%(upstream:short)%00%(objectname)%00%(upstream:track)%00%(upstream:remotename)%00%(upstream:remoteref) refs/heads/main refs/remotes/main [1ms]
2023-02-02 00:03:20.314 [info] > git for-each-ref --sort -committerdate --format %(refname) %(objectname) %(*objectname) [1ms]
2023-02-02 00:03:20.319 [info] > git status -z -uall [22ms]
2023-02-02 00:03:25.385 [info] > git config --get commit.template [0ms]
2023-02-02 00:03:25.391 [info] > git for-each-ref --format=%(refname)%00%(upstream:short)%00%(objectname)%00%(upstream:track)%00%(upstream:remotename)%00%(upstream:remoteref) refs/heads/main refs/remotes/main [0ms]
2023-02-02 00:03:25.421 [info] > git for-each-ref --sort -committerdate --format %(refname) %(objectname) %(*objectname) [0ms]
2023-02-02 00:03:25.428 [info] > git status -z -uall [24ms]
2023-02-02 00:03:30.483 [info] > git config --get commit.template [1ms]
2023-02-02 00:03:30.489 [info] > git for-each-ref --format=%(refname)%00%(upstream:short)%00%(objectname)%00%(upstream:track)%00%(upstream:remotename)%00%(upstream:remoteref) refs/heads/main refs/remotes/main [0ms]
2023-02-02 00:03:30.519 [info] > git for-each-ref --sort -committerdate --format %(refname) %(objectname) %(*objectname) [1ms]
2023-02-02 00:03:30.592 [info] > git status -z -uall [90ms]
2023-02-02 00:03:35.648 [info] > git config --get commit.template [0ms]
2023-02-02 00:03:35.655 [info] > git for-each-ref --format=%(refname)%00%(upstream:short)%00%(objectname)%00%(upstream:track)%00%(upstream:remotename)%00%(upstream:remoteref) refs/heads/main refs/remotes/main [1ms]
2023-02-02 00:03:35.685 [info] > git for-each-ref --sort -committerdate --format %(refname) %(objectname) %(*objectname) [1ms]
2023-02-02 00:03:35.752 [info] > git status -z -uall [84ms]
2023-02-02 00:03:40.810 [info] > git config --get commit.template [0ms]
2023-02-02 00:03:40.816 [info] > git for-each-ref --format=%(refname)%00%(upstream:short)%00%(objectname)%00%(upstream:track)%00%(upstream:remotename)%00%(upstream:remoteref) refs/heads/main refs/remotes/main [1ms]
2023-02-02 00:03:40.846 [info] > git for-each-ref --sort -committerdate --format %(refname) %(objectname) %(*objectname) [0ms]
2023-02-02 00:03:40.915 [info] > git status -z -uall [86ms]
2023-02-02 00:03:45.972 [info] > git config --get commit.template [0ms]
2023-02-02 00:03:45.978 [info] > git for-each-ref --format=%(refname)%00%(upstream:short)%00%(objectname)%00%(upstream:track)%00%(upstream:remotename)%00%(upstream:remoteref) refs/heads/main refs/remotes/main [0ms]
2023-02-02 00:03:46.008 [info] > git for-each-ref --sort -committerdate --format %(refname) %(objectname) %(*objectname) [0ms]
2023-02-02 00:03:46.078 [info] > git status -z -uall [87ms]
2023-02-02 00:03:51.149 [info] > git config --get commit.template [0ms]
2023-02-02 00:03:51.155 [info] > git for-each-ref --format=%(refname)%00%(upstream:short)%00%(objectname)%00%(upstream:track)%00%(upstream:remotename)%00%(upstream:remoteref) refs/heads/main refs/remotes/main [1ms]
2023-02-02 00:03:51.175 [info] > git for-each-ref --sort -committerdate --format %(refname) %(objectname) %(*objectname) [1ms]
2023-02-02 00:03:51.258 [info] > git status -z -uall [90ms]
