*
* Visual Studio Code Server
*
* By using the software, you agree to
* the Visual Studio Code Server License Terms (https://aka.ms/vscode-server-license) and
* the Microsoft Privacy Statement (https://privacy.microsoft.com/en-US/privacystatement).
*
Server bound to 127.0.0.1:34331 (IPv4)
Extension host agent listening on 34331

[20:09:31] Extension host agent started.
[20:09:31] Started initializing default profile extensions in extensions installation folder. file:///home/yz96/.vscode-server/extensions
[20:09:31] Completed initializing default profile extensions in extensions installation folder. file:///home/yz96/.vscode-server/extensions
[20:09:35] [127.0.0.1][9ce0940e][ManagementConnection] New connection established.
[20:09:35] [127.0.0.1][1f9f17f2][ExtensionHostConnection] New connection established.
[20:09:35] [127.0.0.1][1f9f17f2][ExtensionHostConnection] <12033> Launched Extension Host Process.
[IPC Library: Pty Host]  WARN Shell integration cannot be enabled for executable "/bin/sh" and args [
  '-c',
  'wget --version > /dev/null\n' +
    'if [ $? -eq 0 ]\n' +
    'then\n' +
    "\twget --connect-timeout=7 --tries=1 --dns-timeout=7 -q --header='Metadata:true' -O - http://169.254.169.254/metadata/instance?api-version=2019-03-11\n" +
    'else\n' +
    '\tcurl --version > /dev/null\n' +
    '\tif [ $? -eq 0 ]\n' +
    '\tthen\n' +
    "\t\tcurl --connect-timeout 7 -s --header='Metadata:true' http://169.254.169.254/metadata/instance?api-version=2019-03-11\n" +
    '\tfi\n' +
    'fi\n' +
    'exit 0'
]
[IPC Library: Pty Host]  WARN Shell integration cannot be enabled for executable "/bin/sh" and args [
  '-c',
  'wget --version > /dev/null\n' +
    'if [ $? -eq 0 ]\n' +
    'then\n' +
    '\twget --connect-timeout=7 --tries=1 --dns-timeout=7 -q  -O - http://169.254.169.254/latest/meta-data/instance-id\n' +
    'else\n' +
    '\tcurl --version > /dev/null\n' +
    '\tif [ $? -eq 0 ]\n' +
    '\tthen\n' +
    '\t\tcurl --connect-timeout 7 -s  http://169.254.169.254/latest/meta-data/instance-id\n' +
    '\tfi\n' +
    'fi\n' +
    'exit 0'
]
[IPC Library: Pty Host]  WARN Shell integration cannot be enabled for executable "/bin/sh" and args [
  '-c',
  'wget --version > /dev/null\n' +
    'if [ $? -eq 0 ]\n' +
    'then\n' +
    '\twget --connect-timeout=7 --tries=1 --dns-timeout=7 -q  -O - http://169.254.169.254/metadata/v1/id\n' +
    'else\n' +
    '\tcurl --version > /dev/null\n' +
    '\tif [ $? -eq 0 ]\n' +
    '\tthen\n' +
    '\t\tcurl --connect-timeout 7 -s  http://169.254.169.254/metadata/v1/id\n' +
    '\tfi\n' +
    'fi\n' +
    'exit 0'
]
[IPC Library: Pty Host]  WARN Shell integration cannot be enabled for executable "/bin/sh" and args [
  '-c',
  'wget --version > /dev/null\n' +
    'if [ $? -eq 0 ]\n' +
    'then\n' +
    "\twget --connect-timeout=7 --tries=1 --dns-timeout=7 -q --header='Metadata-Flavor:Google' -O - http://metadata.google.internal/computeMetadata/v1/instance/id\n" +
    'else\n' +
    '\tcurl --version > /dev/null\n' +
    '\tif [ $? -eq 0 ]\n' +
    '\tthen\n' +
    "\t\tcurl --connect-timeout 7 -s --header='Metadata-Flavor:Google' http://metadata.google.internal/computeMetadata/v1/instance/id\n" +
    '\tfi\n' +
    'fi\n' +
    'exit 0'
]
[22:41:59] [127.0.0.1][0c5607bf][ManagementConnection] New connection established.
[22:41:59] [127.0.0.1][aa0978c9][ExtensionHostConnection] New connection established.
[22:41:59] [127.0.0.1][aa0978c9][ExtensionHostConnection] <19059> Launched Extension Host Process.
[IPC Library: Pty Host]  WARN Shell integration cannot be enabled for executable "/bin/sh" and args [
  '-c',
  'wget --version > /dev/null\n' +
    'if [ $? -eq 0 ]\n' +
    'then\n' +
    "\twget --connect-timeout=7 --tries=1 --dns-timeout=7 -q --header='Metadata:true' -O - http://169.254.169.254/metadata/instance?api-version=2019-03-11\n" +
    'else\n' +
    '\tcurl --version > /dev/null\n' +
    '\tif [ $? -eq 0 ]\n' +
    '\tthen\n' +
    "\t\tcurl --connect-timeout 7 -s --header='Metadata:true' http://169.254.169.254/metadata/instance?api-version=2019-03-11\n" +
    '\tfi\n' +
    'fi\n' +
    'exit 0'
]
[IPC Library: Pty Host]  WARN Shell integration cannot be enabled for executable "/bin/sh" and args [
  '-c',
  'wget --version > /dev/null\n' +
    'if [ $? -eq 0 ]\n' +
    'then\n' +
    '\twget --connect-timeout=7 --tries=1 --dns-timeout=7 -q  -O - http://169.254.169.254/latest/meta-data/instance-id\n' +
    'else\n' +
    '\tcurl --version > /dev/null\n' +
    '\tif [ $? -eq 0 ]\n' +
    '\tthen\n' +
    '\t\tcurl --connect-timeout 7 -s  http://169.254.169.254/latest/meta-data/instance-id\n' +
    '\tfi\n' +
    'fi\n' +
    'exit 0'
]
[IPC Library: Pty Host]  WARN Shell integration cannot be enabled for executable "/bin/sh" and args [
  '-c',
  'wget --version > /dev/null\n' +
    'if [ $? -eq 0 ]\n' +
    'then\n' +
    '\twget --connect-timeout=7 --tries=1 --dns-timeout=7 -q  -O - http://169.254.169.254/metadata/v1/id\n' +
    'else\n' +
    '\tcurl --version > /dev/null\n' +
    '\tif [ $? -eq 0 ]\n' +
    '\tthen\n' +
    '\t\tcurl --connect-timeout 7 -s  http://169.254.169.254/metadata/v1/id\n' +
    '\tfi\n' +
    'fi\n' +
    'exit 0'
]
[IPC Library: Pty Host]  WARN Shell integration cannot be enabled for executable "/bin/sh" and args [
  '-c',
  'wget --version > /dev/null\n' +
    'if [ $? -eq 0 ]\n' +
    'then\n' +
    "\twget --connect-timeout=7 --tries=1 --dns-timeout=7 -q --header='Metadata-Flavor:Google' -O - http://metadata.google.internal/computeMetadata/v1/instance/id\n" +
    'else\n' +
    '\tcurl --version > /dev/null\n' +
    '\tif [ $? -eq 0 ]\n' +
    '\tthen\n' +
    "\t\tcurl --connect-timeout 7 -s --header='Metadata-Flavor:Google' http://metadata.google.internal/computeMetadata/v1/instance/id\n" +
    '\tfi\n' +
    'fi\n' +
    'exit 0'
]
rejected promise not handled within 1 second: CodeExpectedError: Could not find pty on pty host
stack trace: CodeExpectedError: Could not find pty on pty host
    at h.J (/home/yz96/.vscode-server/bin/97dec172d3256f8ca4bfb2143f3f76b503ca0534/out/vs/platform/terminal/node/ptyHostMain.js:27:6395)
    at h.updateTitle (/home/yz96/.vscode-server/bin/97dec172d3256f8ca4bfb2143f3f76b503ca0534/out/vs/platform/terminal/node/ptyHostMain.js:27:2665)
    at Object.call (/home/yz96/.vscode-server/bin/97dec172d3256f8ca4bfb2143f3f76b503ca0534/out/vs/platform/terminal/node/ptyHostMain.js:17:5110)
    at r.q (/home/yz96/.vscode-server/bin/97dec172d3256f8ca4bfb2143f3f76b503ca0534/out/vs/platform/terminal/node/ptyHostMain.js:15:5390)
    at r.p (/home/yz96/.vscode-server/bin/97dec172d3256f8ca4bfb2143f3f76b503ca0534/out/vs/platform/terminal/node/ptyHostMain.js:15:4881)
    at /home/yz96/.vscode-server/bin/97dec172d3256f8ca4bfb2143f3f76b503ca0534/out/vs/platform/terminal/node/ptyHostMain.js:15:4286
    at n.invoke (/home/yz96/.vscode-server/bin/97dec172d3256f8ca4bfb2143f3f76b503ca0534/out/vs/platform/terminal/node/ptyHostMain.js:11:145)
    at C.deliver (/home/yz96/.vscode-server/bin/97dec172d3256f8ca4bfb2143f3f76b503ca0534/out/vs/platform/terminal/node/ptyHostMain.js:11:2038)
    at v.fire (/home/yz96/.vscode-server/bin/97dec172d3256f8ca4bfb2143f3f76b503ca0534/out/vs/platform/terminal/node/ptyHostMain.js:11:1676)
    at process.O (/home/yz96/.vscode-server/bin/97dec172d3256f8ca4bfb2143f3f76b503ca0534/out/vs/platform/terminal/node/ptyHostMain.js:9:20886)
    at process.emit (node:events:526:28)
    at emit (node:internal/child_process:938:14)
    at processTicksAndRejections (node:internal/process/task_queues:84:21)
[22:42:13] Error [CodeExpectedError]: Could not find pty on pty host
    at h.J (/home/yz96/.vscode-server/bin/97dec172d3256f8ca4bfb2143f3f76b503ca0534/out/vs/platform/terminal/node/ptyHostMain.js:27:6395)
    at h.updateTitle (/home/yz96/.vscode-server/bin/97dec172d3256f8ca4bfb2143f3f76b503ca0534/out/vs/platform/terminal/node/ptyHostMain.js:27:2665)
    at Object.call (/home/yz96/.vscode-server/bin/97dec172d3256f8ca4bfb2143f3f76b503ca0534/out/vs/platform/terminal/node/ptyHostMain.js:17:5110)
    at r.q (/home/yz96/.vscode-server/bin/97dec172d3256f8ca4bfb2143f3f76b503ca0534/out/vs/platform/terminal/node/ptyHostMain.js:15:5390)
    at r.p (/home/yz96/.vscode-server/bin/97dec172d3256f8ca4bfb2143f3f76b503ca0534/out/vs/platform/terminal/node/ptyHostMain.js:15:4881)
    at /home/yz96/.vscode-server/bin/97dec172d3256f8ca4bfb2143f3f76b503ca0534/out/vs/platform/terminal/node/ptyHostMain.js:15:4286
    at n.invoke (/home/yz96/.vscode-server/bin/97dec172d3256f8ca4bfb2143f3f76b503ca0534/out/vs/platform/terminal/node/ptyHostMain.js:11:145)
    at C.deliver (/home/yz96/.vscode-server/bin/97dec172d3256f8ca4bfb2143f3f76b503ca0534/out/vs/platform/terminal/node/ptyHostMain.js:11:2038)
    at v.fire (/home/yz96/.vscode-server/bin/97dec172d3256f8ca4bfb2143f3f76b503ca0534/out/vs/platform/terminal/node/ptyHostMain.js:11:1676)
    at process.O (/home/yz96/.vscode-server/bin/97dec172d3256f8ca4bfb2143f3f76b503ca0534/out/vs/platform/terminal/node/ptyHostMain.js:9:20886)
    at process.emit (node:events:526:28)
    at emit (node:internal/child_process:938:14)
    at processTicksAndRejections (node:internal/process/task_queues:84:21)
rejected promise not handled within 1 second: CodeExpectedError: Could not find pty on pty host
stack trace: CodeExpectedError: Could not find pty on pty host
    at h.J (/home/yz96/.vscode-server/bin/97dec172d3256f8ca4bfb2143f3f76b503ca0534/out/vs/platform/terminal/node/ptyHostMain.js:27:6395)
    at h.updateIcon (/home/yz96/.vscode-server/bin/97dec172d3256f8ca4bfb2143f3f76b503ca0534/out/vs/platform/terminal/node/ptyHostMain.js:27:2715)
    at Object.call (/home/yz96/.vscode-server/bin/97dec172d3256f8ca4bfb2143f3f76b503ca0534/out/vs/platform/terminal/node/ptyHostMain.js:17:5110)
    at r.q (/home/yz96/.vscode-server/bin/97dec172d3256f8ca4bfb2143f3f76b503ca0534/out/vs/platform/terminal/node/ptyHostMain.js:15:5390)
    at r.p (/home/yz96/.vscode-server/bin/97dec172d3256f8ca4bfb2143f3f76b503ca0534/out/vs/platform/terminal/node/ptyHostMain.js:15:4881)
    at /home/yz96/.vscode-server/bin/97dec172d3256f8ca4bfb2143f3f76b503ca0534/out/vs/platform/terminal/node/ptyHostMain.js:15:4286
    at n.invoke (/home/yz96/.vscode-server/bin/97dec172d3256f8ca4bfb2143f3f76b503ca0534/out/vs/platform/terminal/node/ptyHostMain.js:11:145)
    at C.deliver (/home/yz96/.vscode-server/bin/97dec172d3256f8ca4bfb2143f3f76b503ca0534/out/vs/platform/terminal/node/ptyHostMain.js:11:2038)
    at v.fire (/home/yz96/.vscode-server/bin/97dec172d3256f8ca4bfb2143f3f76b503ca0534/out/vs/platform/terminal/node/ptyHostMain.js:11:1676)
    at process.O (/home/yz96/.vscode-server/bin/97dec172d3256f8ca4bfb2143f3f76b503ca0534/out/vs/platform/terminal/node/ptyHostMain.js:9:20886)
    at process.emit (node:events:526:28)
    at emit (node:internal/child_process:938:14)
    at processTicksAndRejections (node:internal/process/task_queues:84:21)
[22:42:13] Error [CodeExpectedError]: Could not find pty on pty host
    at h.J (/home/yz96/.vscode-server/bin/97dec172d3256f8ca4bfb2143f3f76b503ca0534/out/vs/platform/terminal/node/ptyHostMain.js:27:6395)
    at h.updateIcon (/home/yz96/.vscode-server/bin/97dec172d3256f8ca4bfb2143f3f76b503ca0534/out/vs/platform/terminal/node/ptyHostMain.js:27:2715)
    at Object.call (/home/yz96/.vscode-server/bin/97dec172d3256f8ca4bfb2143f3f76b503ca0534/out/vs/platform/terminal/node/ptyHostMain.js:17:5110)
    at r.q (/home/yz96/.vscode-server/bin/97dec172d3256f8ca4bfb2143f3f76b503ca0534/out/vs/platform/terminal/node/ptyHostMain.js:15:5390)
    at r.p (/home/yz96/.vscode-server/bin/97dec172d3256f8ca4bfb2143f3f76b503ca0534/out/vs/platform/terminal/node/ptyHostMain.js:15:4881)
    at /home/yz96/.vscode-server/bin/97dec172d3256f8ca4bfb2143f3f76b503ca0534/out/vs/platform/terminal/node/ptyHostMain.js:15:4286
    at n.invoke (/home/yz96/.vscode-server/bin/97dec172d3256f8ca4bfb2143f3f76b503ca0534/out/vs/platform/terminal/node/ptyHostMain.js:11:145)
    at C.deliver (/home/yz96/.vscode-server/bin/97dec172d3256f8ca4bfb2143f3f76b503ca0534/out/vs/platform/terminal/node/ptyHostMain.js:11:2038)
    at v.fire (/home/yz96/.vscode-server/bin/97dec172d3256f8ca4bfb2143f3f76b503ca0534/out/vs/platform/terminal/node/ptyHostMain.js:11:1676)
    at process.O (/home/yz96/.vscode-server/bin/97dec172d3256f8ca4bfb2143f3f76b503ca0534/out/vs/platform/terminal/node/ptyHostMain.js:9:20886)
    at process.emit (node:events:526:28)
    at emit (node:internal/child_process:938:14)
    at processTicksAndRejections (node:internal/process/task_queues:84:21)
[IPC Library: Pty Host]  WARN Persistent process "5": Process had no disconnect runners but was an orphan
[IPC Library: Pty Host]  INFO Persistent process reconnection "5"
[IPC Library: Pty Host]  INFO Persistent process "5": Replaying 6480 chars and 1 size events
[22:46:59] [127.0.0.1][1f9f17f2][ExtensionHostConnection] <12033> Extension Host Process exited with code: 0, signal: null.
[00:03:52] [127.0.0.1][0c5607bf][ManagementConnection] The client has disconnected gracefully, so the connection will be disposed.
[00:03:52] [127.0.0.1][aa0978c9][ExtensionHostConnection] <19059> Extension Host Process exited with code: 0, signal: null.
Last EH closed, waiting before shutting down
[00:03:52] Last EH closed, waiting before shutting down
Got delay-shutdown request while in shutdown timeout, delaying
[00:06:37] Got delay-shutdown request while in shutdown timeout, delaying
Cancelling previous shutdown timeout
[00:06:37] Cancelling previous shutdown timeout
[00:06:37] [127.0.0.1][96351ad1][ManagementConnection] New connection established.
[00:06:37] [127.0.0.1][9ee98a77][ExtensionHostConnection] New connection established.
[00:06:37] [127.0.0.1][9ee98a77][ExtensionHostConnection] <26554> Launched Extension Host Process.
[IPC Library: Pty Host]  WARN Shell integration cannot be enabled for executable "/bin/sh" and args [
  '-c',
  'wget --version > /dev/null\n' +
    'if [ $? -eq 0 ]\n' +
    'then\n' +
    "\twget --connect-timeout=7 --tries=1 --dns-timeout=7 -q --header='Metadata:true' -O - http://169.254.169.254/metadata/instance?api-version=2019-03-11\n" +
    'else\n' +
    '\tcurl --version > /dev/null\n' +
    '\tif [ $? -eq 0 ]\n' +
    '\tthen\n' +
    "\t\tcurl --connect-timeout 7 -s --header='Metadata:true' http://169.254.169.254/metadata/instance?api-version=2019-03-11\n" +
    '\tfi\n' +
    'fi\n' +
    'exit 0'
]
[IPC Library: Pty Host]  WARN Shell integration cannot be enabled for executable "/bin/sh" and args [
  '-c',
  'wget --version > /dev/null\n' +
    'if [ $? -eq 0 ]\n' +
    'then\n' +
    '\twget --connect-timeout=7 --tries=1 --dns-timeout=7 -q  -O - http://169.254.169.254/latest/meta-data/instance-id\n' +
    'else\n' +
    '\tcurl --version > /dev/null\n' +
    '\tif [ $? -eq 0 ]\n' +
    '\tthen\n' +
    '\t\tcurl --connect-timeout 7 -s  http://169.254.169.254/latest/meta-data/instance-id\n' +
    '\tfi\n' +
    'fi\n' +
    'exit 0'
]
[IPC Library: Pty Host]  WARN Shell integration cannot be enabled for executable "/bin/sh" and args [
  '-c',
  'wget --version > /dev/null\n' +
    'if [ $? -eq 0 ]\n' +
    'then\n' +
    '\twget --connect-timeout=7 --tries=1 --dns-timeout=7 -q  -O - http://169.254.169.254/metadata/v1/id\n' +
    'else\n' +
    '\tcurl --version > /dev/null\n' +
    '\tif [ $? -eq 0 ]\n' +
    '\tthen\n' +
    '\t\tcurl --connect-timeout 7 -s  http://169.254.169.254/metadata/v1/id\n' +
    '\tfi\n' +
    'fi\n' +
    'exit 0'
]
[IPC Library: Pty Host]  WARN Shell integration cannot be enabled for executable "/bin/sh" and args [
  '-c',
  'wget --version > /dev/null\n' +
    'if [ $? -eq 0 ]\n' +
    'then\n' +
    "\twget --connect-timeout=7 --tries=1 --dns-timeout=7 -q --header='Metadata-Flavor:Google' -O - http://metadata.google.internal/computeMetadata/v1/instance/id\n" +
    'else\n' +
    '\tcurl --version > /dev/null\n' +
    '\tif [ $? -eq 0 ]\n' +
    '\tthen\n' +
    "\t\tcurl --connect-timeout 7 -s --header='Metadata-Flavor:Google' http://metadata.google.internal/computeMetadata/v1/instance/id\n" +
    '\tfi\n' +
    'fi\n' +
    'exit 0'
]
New EH opened, aborting shutdown
[00:11:37] New EH opened, aborting shutdown
[00:24:32] [127.0.0.1][96351ad1][ManagementConnection] The client has disconnected gracefully, so the connection will be disposed.
[00:24:32] [127.0.0.1][9ee98a77][ExtensionHostConnection] <26554> Extension Host Process exited with code: 0, signal: null.
Last EH closed, waiting before shutting down
[00:24:32] Last EH closed, waiting before shutting down
Last EH closed, shutting down
[00:29:32] Last EH closed, shutting down
