*
* Visual Studio Code Server
*
* By using the software, you agree to
* the Visual Studio Code Server License Terms (https://aka.ms/vscode-server-license) and
* the Microsoft Privacy Statement (https://privacy.microsoft.com/en-US/privacystatement).
*
Server bound to 127.0.0.1:34473 (IPv4)
Extension host agent listening on 34473

[16:42:15] 




[16:42:15] Extension host agent started.
[16:42:15] [127.0.0.1][827385f5][ManagementConnection] New connection established.
[16:42:15] [127.0.0.1][06da8192][ExtensionHostConnection] New connection established.
[16:42:16] [127.0.0.1][06da8192][ExtensionHostConnection] <14115> Launched Extension Host Process.
[IPC Library: Pty Host]  WARN Shell integration cannot be enabled for executable "/bin/sh" and args [
  '-c',
  'wget --version > /dev/null\n' +
    'if [ $? -eq 0 ]\n' +
    'then\n' +
    "\twget --connect-timeout=7 --tries=1 --dns-timeout=7 -q --header='Metadata:true' -O - http://169.254.169.254/metadata/instance?api-version=2019-03-11\n" +
    'else\n' +
    '\tcurl --version > /dev/null\n' +
    '\tif [ $? -eq 0 ]\n' +
    '\tthen\n' +
    "\t\tcurl --connect-timeout 7 -s --header='Metadata:true' http://169.254.169.254/metadata/instance?api-version=2019-03-11\n" +
    '\tfi\n' +
    'fi\n' +
    'exit 0'
]
[IPC Library: Pty Host]  WARN Shell integration cannot be enabled for executable "/bin/sh" and args [
  '-c',
  'wget --version > /dev/null\n' +
    'if [ $? -eq 0 ]\n' +
    'then\n' +
    '\twget --connect-timeout=7 --tries=1 --dns-timeout=7 -q  -O - http://169.254.169.254/latest/meta-data/instance-id\n' +
    'else\n' +
    '\tcurl --version > /dev/null\n' +
    '\tif [ $? -eq 0 ]\n' +
    '\tthen\n' +
    '\t\tcurl --connect-timeout 7 -s  http://169.254.169.254/latest/meta-data/instance-id\n' +
    '\tfi\n' +
    'fi\n' +
    'exit 0'
]
[IPC Library: Pty Host]  WARN Shell integration cannot be enabled for executable "/bin/sh" and args [
  '-c',
  'wget --version > /dev/null\n' +
    'if [ $? -eq 0 ]\n' +
    'then\n' +
    '\twget --connect-timeout=7 --tries=1 --dns-timeout=7 -q  -O - http://169.254.169.254/metadata/v1/id\n' +
    'else\n' +
    '\tcurl --version > /dev/null\n' +
    '\tif [ $? -eq 0 ]\n' +
    '\tthen\n' +
    '\t\tcurl --connect-timeout 7 -s  http://169.254.169.254/metadata/v1/id\n' +
    '\tfi\n' +
    'fi\n' +
    'exit 0'
]
[IPC Library: Pty Host]  WARN Shell integration cannot be enabled for executable "/bin/sh" and args [
  '-c',
  'wget --version > /dev/null\n' +
    'if [ $? -eq 0 ]\n' +
    'then\n' +
    "\twget --connect-timeout=7 --tries=1 --dns-timeout=7 -q --header='Metadata-Flavor:Google' -O - http://metadata.google.internal/computeMetadata/v1/instance/id\n" +
    'else\n' +
    '\tcurl --version > /dev/null\n' +
    '\tif [ $? -eq 0 ]\n' +
    '\tthen\n' +
    "\t\tcurl --connect-timeout 7 -s --header='Metadata-Flavor:Google' http://metadata.google.internal/computeMetadata/v1/instance/id\n" +
    '\tfi\n' +
    'fi\n' +
    'exit 0'
]
rejected promise not handled within 1 second: CodeExpectedError: Could not find pty on pty host
stack trace: CodeExpectedError: Could not find pty on pty host
    at S.L (/home/yz96/.vscode-server/bin/e2816fe719a4026ffa1ee0189dc89bdfdbafb164/out/vs/platform/terminal/node/ptyHostMain.js:27:6839)
    at S.updateTitle (/home/yz96/.vscode-server/bin/e2816fe719a4026ffa1ee0189dc89bdfdbafb164/out/vs/platform/terminal/node/ptyHostMain.js:27:2630)
    at Object.call (/home/yz96/.vscode-server/bin/e2816fe719a4026ffa1ee0189dc89bdfdbafb164/out/vs/platform/terminal/node/ptyHostMain.js:17:5043)
    at r.s (/home/yz96/.vscode-server/bin/e2816fe719a4026ffa1ee0189dc89bdfdbafb164/out/vs/platform/terminal/node/ptyHostMain.js:15:5412)
    at r.q (/home/yz96/.vscode-server/bin/e2816fe719a4026ffa1ee0189dc89bdfdbafb164/out/vs/platform/terminal/node/ptyHostMain.js:15:4915)
    at /home/yz96/.vscode-server/bin/e2816fe719a4026ffa1ee0189dc89bdfdbafb164/out/vs/platform/terminal/node/ptyHostMain.js:15:4326
    at invoke (/home/yz96/.vscode-server/bin/e2816fe719a4026ffa1ee0189dc89bdfdbafb164/out/vs/platform/terminal/node/ptyHostMain.js:11:145)
    at E.deliver (/home/yz96/.vscode-server/bin/e2816fe719a4026ffa1ee0189dc89bdfdbafb164/out/vs/platform/terminal/node/ptyHostMain.js:11:2033)
    at c.fire (/home/yz96/.vscode-server/bin/e2816fe719a4026ffa1ee0189dc89bdfdbafb164/out/vs/platform/terminal/node/ptyHostMain.js:11:1671)
    at process.F (/home/yz96/.vscode-server/bin/e2816fe719a4026ffa1ee0189dc89bdfdbafb164/out/vs/platform/terminal/node/ptyHostMain.js:9:20881)
    at process.emit (node:events:526:28)
    at emit (node:internal/child_process:938:14)
    at processTicksAndRejections (node:internal/process/task_queues:84:21)
[16:42:18] Error [CodeExpectedError]: Could not find pty on pty host
    at S.L (/home/yz96/.vscode-server/bin/e2816fe719a4026ffa1ee0189dc89bdfdbafb164/out/vs/platform/terminal/node/ptyHostMain.js:27:6839)
    at S.updateTitle (/home/yz96/.vscode-server/bin/e2816fe719a4026ffa1ee0189dc89bdfdbafb164/out/vs/platform/terminal/node/ptyHostMain.js:27:2630)
    at Object.call (/home/yz96/.vscode-server/bin/e2816fe719a4026ffa1ee0189dc89bdfdbafb164/out/vs/platform/terminal/node/ptyHostMain.js:17:5043)
    at r.s (/home/yz96/.vscode-server/bin/e2816fe719a4026ffa1ee0189dc89bdfdbafb164/out/vs/platform/terminal/node/ptyHostMain.js:15:5412)
    at r.q (/home/yz96/.vscode-server/bin/e2816fe719a4026ffa1ee0189dc89bdfdbafb164/out/vs/platform/terminal/node/ptyHostMain.js:15:4915)
    at /home/yz96/.vscode-server/bin/e2816fe719a4026ffa1ee0189dc89bdfdbafb164/out/vs/platform/terminal/node/ptyHostMain.js:15:4326
    at invoke (/home/yz96/.vscode-server/bin/e2816fe719a4026ffa1ee0189dc89bdfdbafb164/out/vs/platform/terminal/node/ptyHostMain.js:11:145)
    at E.deliver (/home/yz96/.vscode-server/bin/e2816fe719a4026ffa1ee0189dc89bdfdbafb164/out/vs/platform/terminal/node/ptyHostMain.js:11:2033)
    at c.fire (/home/yz96/.vscode-server/bin/e2816fe719a4026ffa1ee0189dc89bdfdbafb164/out/vs/platform/terminal/node/ptyHostMain.js:11:1671)
    at process.F (/home/yz96/.vscode-server/bin/e2816fe719a4026ffa1ee0189dc89bdfdbafb164/out/vs/platform/terminal/node/ptyHostMain.js:9:20881)
    at process.emit (node:events:526:28)
    at emit (node:internal/child_process:938:14)
    at processTicksAndRejections (node:internal/process/task_queues:84:21)
rejected promise not handled within 1 second: CodeExpectedError: Could not find pty on pty host
stack trace: CodeExpectedError: Could not find pty on pty host
    at S.L (/home/yz96/.vscode-server/bin/e2816fe719a4026ffa1ee0189dc89bdfdbafb164/out/vs/platform/terminal/node/ptyHostMain.js:27:6839)
    at S.updateIcon (/home/yz96/.vscode-server/bin/e2816fe719a4026ffa1ee0189dc89bdfdbafb164/out/vs/platform/terminal/node/ptyHostMain.js:27:2680)
    at Object.call (/home/yz96/.vscode-server/bin/e2816fe719a4026ffa1ee0189dc89bdfdbafb164/out/vs/platform/terminal/node/ptyHostMain.js:17:5043)
    at r.s (/home/yz96/.vscode-server/bin/e2816fe719a4026ffa1ee0189dc89bdfdbafb164/out/vs/platform/terminal/node/ptyHostMain.js:15:5412)
    at r.q (/home/yz96/.vscode-server/bin/e2816fe719a4026ffa1ee0189dc89bdfdbafb164/out/vs/platform/terminal/node/ptyHostMain.js:15:4915)
    at /home/yz96/.vscode-server/bin/e2816fe719a4026ffa1ee0189dc89bdfdbafb164/out/vs/platform/terminal/node/ptyHostMain.js:15:4326
    at invoke (/home/yz96/.vscode-server/bin/e2816fe719a4026ffa1ee0189dc89bdfdbafb164/out/vs/platform/terminal/node/ptyHostMain.js:11:145)
    at E.deliver (/home/yz96/.vscode-server/bin/e2816fe719a4026ffa1ee0189dc89bdfdbafb164/out/vs/platform/terminal/node/ptyHostMain.js:11:2033)
    at c.fire (/home/yz96/.vscode-server/bin/e2816fe719a4026ffa1ee0189dc89bdfdbafb164/out/vs/platform/terminal/node/ptyHostMain.js:11:1671)
    at process.F (/home/yz96/.vscode-server/bin/e2816fe719a4026ffa1ee0189dc89bdfdbafb164/out/vs/platform/terminal/node/ptyHostMain.js:9:20881)
    at process.emit (node:events:526:28)
    at emit (node:internal/child_process:938:14)
    at processTicksAndRejections (node:internal/process/task_queues:84:21)
[16:42:18] Error [CodeExpectedError]: Could not find pty on pty host
    at S.L (/home/yz96/.vscode-server/bin/e2816fe719a4026ffa1ee0189dc89bdfdbafb164/out/vs/platform/terminal/node/ptyHostMain.js:27:6839)
    at S.updateIcon (/home/yz96/.vscode-server/bin/e2816fe719a4026ffa1ee0189dc89bdfdbafb164/out/vs/platform/terminal/node/ptyHostMain.js:27:2680)
    at Object.call (/home/yz96/.vscode-server/bin/e2816fe719a4026ffa1ee0189dc89bdfdbafb164/out/vs/platform/terminal/node/ptyHostMain.js:17:5043)
    at r.s (/home/yz96/.vscode-server/bin/e2816fe719a4026ffa1ee0189dc89bdfdbafb164/out/vs/platform/terminal/node/ptyHostMain.js:15:5412)
    at r.q (/home/yz96/.vscode-server/bin/e2816fe719a4026ffa1ee0189dc89bdfdbafb164/out/vs/platform/terminal/node/ptyHostMain.js:15:4915)
    at /home/yz96/.vscode-server/bin/e2816fe719a4026ffa1ee0189dc89bdfdbafb164/out/vs/platform/terminal/node/ptyHostMain.js:15:4326
    at invoke (/home/yz96/.vscode-server/bin/e2816fe719a4026ffa1ee0189dc89bdfdbafb164/out/vs/platform/terminal/node/ptyHostMain.js:11:145)
    at E.deliver (/home/yz96/.vscode-server/bin/e2816fe719a4026ffa1ee0189dc89bdfdbafb164/out/vs/platform/terminal/node/ptyHostMain.js:11:2033)
    at c.fire (/home/yz96/.vscode-server/bin/e2816fe719a4026ffa1ee0189dc89bdfdbafb164/out/vs/platform/terminal/node/ptyHostMain.js:11:1671)
    at process.F (/home/yz96/.vscode-server/bin/e2816fe719a4026ffa1ee0189dc89bdfdbafb164/out/vs/platform/terminal/node/ptyHostMain.js:9:20881)
    at process.emit (node:events:526:28)
    at emit (node:internal/child_process:938:14)
    at processTicksAndRejections (node:internal/process/task_queues:84:21)
